<?xml version="1.0" encoding="UTF-8"?>
<!-- Generated by org.testng.reporters.JUnitXMLReporter -->
<testsuite ignored="4" hostname="DESKTOP-FNFV15V" failures="0" tests="6" name="Test" time="0.505" errors="0" timestamp="2023-11-29T08:30:51 IST">
  <testcase classname="com.Testngfeatures.SimpleAnnotationTest" name="afterClass" time="0.033"/>
  <testcase classname="com.Testngfeatures.SimpleAnnotationTest" name="afterMethod" time="0.006"/>
  <testcase classname="com.Testngfeatures.SimpleAnnotationTest" name="afterSuite" time="0.01"/>
  <testcase classname="com.Testngfeatures.SimpleAnnotationTest" name="afterTest" time="0.007"/>
  <testcase classname="com.Testngfeatures.SimpleAnnotationTest" name="f" time="0.008"/>
  <testcase classname="com.Testngfeatures.SimpleAnnotationTest" name="f1" time="0.009"/>
  <testcase classname="com.Testngfeatures.SimpleAnnotationTest" name="beforeClass" time="0.0">
    <ignored/>
  </testcase> <!-- beforeClass -->
  <testcase classname="com.Testngfeatures.SimpleAnnotationTest" name="beforeTest" time="0.0">
    <ignored/>
  </testcase> <!-- beforeTest -->
  <testcase classname="com.Testngfeatures.SimpleAnnotationTest" name="beforeSuite" time="0.0">
    <ignored/>
  </testcase> <!-- beforeSuite -->
  <testcase classname="com.Testngfeatures.SimpleAnnotationTest" name="beforeMethod" time="0.0">
    <ignored/>
  </testcase> <!-- beforeMethod -->
</testsuite> <!-- Test -->
