<?xml version="1.0" encoding="UTF-8"?>
<testng-results ignored="0" total="6" passed="6" failed="0" skipped="0">
  <reporter-output>
  </reporter-output>
  <suite started-at="2023-11-29T08:30:51 IST" name="Suite" finished-at="2023-11-29T08:30:51 IST" duration-ms="505">
    <groups>
      <group name="main">
        <method signature="SimpleAnnotationTest.f()[pri:0, instance:com.Testngfeatures.SimpleAnnotationTest@6404f418]" name="f" class="com.Testngfeatures.SimpleAnnotationTest"/>
        <method signature="SimpleAnnotationTest.f1()[pri:0, instance:com.Testngfeatures.SimpleAnnotationTest@6404f418]" name="f1" class="com.Testngfeatures.SimpleAnnotationTest"/>
      </group> <!-- main -->
      <group name="after">
        <method signature="SimpleAnnotationTest.afterClass()[pri:0, instance:com.Testngfeatures.SimpleAnnotationTest@6404f418]" name="afterClass" class="com.Testngfeatures.SimpleAnnotationTest"/>
        <method signature="SimpleAnnotationTest.afterMethod()[pri:0, instance:com.Testngfeatures.SimpleAnnotationTest@6404f418]" name="afterMethod" class="com.Testngfeatures.SimpleAnnotationTest"/>
        <method signature="SimpleAnnotationTest.afterSuite()[pri:0, instance:com.Testngfeatures.SimpleAnnotationTest@6404f418]" name="afterSuite" class="com.Testngfeatures.SimpleAnnotationTest"/>
        <method signature="SimpleAnnotationTest.afterTest()[pri:0, instance:com.Testngfeatures.SimpleAnnotationTest@6404f418]" name="afterTest" class="com.Testngfeatures.SimpleAnnotationTest"/>
      </group> <!-- after -->
    </groups>
    <test started-at="2023-11-29T08:30:51 IST" name="Test" finished-at="2023-11-29T08:30:51 IST" duration-ms="505">
      <class name="com.Testngfeatures.SimpleAnnotationTest">
        <test-method signature="afterClass()[pri:0, instance:com.Testngfeatures.SimpleAnnotationTest@6404f418]" started-at="2023-11-29T08:30:51 IST" name="afterClass" finished-at="2023-11-29T08:30:51 IST" duration-ms="33" status="PASS">
          <reporter-output>
          </reporter-output>
        </test-method> <!-- afterClass -->
        <test-method signature="afterMethod()[pri:0, instance:com.Testngfeatures.SimpleAnnotationTest@6404f418]" started-at="2023-11-29T08:30:51 IST" name="afterMethod" finished-at="2023-11-29T08:30:51 IST" duration-ms="6" status="PASS">
          <reporter-output>
          </reporter-output>
        </test-method> <!-- afterMethod -->
        <test-method signature="afterSuite()[pri:0, instance:com.Testngfeatures.SimpleAnnotationTest@6404f418]" started-at="2023-11-29T08:30:51 IST" name="afterSuite" finished-at="2023-11-29T08:30:51 IST" duration-ms="10" status="PASS">
          <reporter-output>
          </reporter-output>
        </test-method> <!-- afterSuite -->
        <test-method signature="afterTest()[pri:0, instance:com.Testngfeatures.SimpleAnnotationTest@6404f418]" started-at="2023-11-29T08:30:51 IST" name="afterTest" finished-at="2023-11-29T08:30:51 IST" duration-ms="7" status="PASS">
          <reporter-output>
          </reporter-output>
        </test-method> <!-- afterTest -->
        <test-method signature="f()[pri:0, instance:com.Testngfeatures.SimpleAnnotationTest@6404f418]" started-at="2023-11-29T08:30:51 IST" name="f" finished-at="2023-11-29T08:30:51 IST" duration-ms="8" status="PASS">
          <reporter-output>
          </reporter-output>
        </test-method> <!-- f -->
        <test-method signature="f1()[pri:0, instance:com.Testngfeatures.SimpleAnnotationTest@6404f418]" started-at="2023-11-29T08:30:51 IST" name="f1" finished-at="2023-11-29T08:30:51 IST" duration-ms="9" status="PASS">
          <reporter-output>
          </reporter-output>
        </test-method> <!-- f1 -->
      </class> <!-- com.Testngfeatures.SimpleAnnotationTest -->
    </test> <!-- Test -->
  </suite> <!-- Suite -->
</testng-results>
